23:50:00.071 detox[34825] B lifecycle node_modules/.bin/detox test -c android.emu.debug e2e/waitlist_promotion.test.js --loglevel trace
  data: {
    "id": "de13e54c-f912-a59e-21a1-e6eb8d36c28f",
    "detoxConfig": {
      "configurationName": "android.emu.debug",
      "apps": {
        "default": {
          "type": "android.apk",
          "binaryPath": "android/app/build/outputs/apk/debug/app-debug.apk",
          "build": "cd android && ./gradlew assembleDebug assembleAndroidTest -DtestBuildType=debug",
          "reversePorts": [
            8081
          ]
        }
      },
      "artifacts": {
        "rootDir": "artifacts/android.emu.debug.2026-04-18 18-20-00Z",
        "plugins": {
          "log": {
            "enabled": false,
            "keepOnlyFailedTestsArtifacts": false
          },
          "screenshot": {
            "enabled": true,
            "shouldTakeAutomaticSnapshots": false,
            "keepOnlyFailedTestsArtifacts": false
          },
          "video": {
            "enabled": false,
            "keepOnlyFailedTestsArtifacts": false
          },
          "instruments": {
            "enabled": false,
            "keepOnlyFailedTestsArtifacts": false
          },
          "uiHierarchy": {
            "enabled": false,
            "keepOnlyFailedTestsArtifacts": false
          }
        }
      },
      "behavior": {
        "init": {
          "keepLockFile": false,
          "reinstallApp": true,
          "exposeGlobals": true
        },
        "cleanup": {
          "shutdownDevice": false
        },
        "launchApp": "auto"
      },
      "cli": {
        "configuration": "android.emu.debug",
        "loglevel": "trace",
        "start": true
      },
      "commands": [
        {
          "appName": "default",
          "build": "cd android && ./gradlew assembleDebug assembleAndroidTest -DtestBuildType=debug"
        }
      ],
      "device": {
        "type": "android.emulator",
        "device": {
          "avdName": "Pixel_9_Pro"
        }
      },
      "logger": {
        "level": "trace",
        "overrideConsole": true,
        "options": {
          "showLoggerName": true,
          "showPid": true,
          "showLevel": false,
          "showMetadata": false,
          "basepath": "/Users/shashankshekhar/Final Working/AceTrack_Stablility_Enhanced/node_modules/detox/src",
          "prefixers": {},
          "stringifiers": {}
        }
      },
      "testRunner": {
        "retries": 0,
        "forwardEnv": false,
        "detached": false,
        "bail": false,
        "noRetryArgs": [
          "shard"
        ],
        "jest": {
          "setupTimeout": 180000,
          "teardownTimeout": 30000,
          "retryAfterCircusRetries": false,
          "reportWorkerAssign": true
        },
        "args": {
          "$0": "jest",
          "_": [
            "e2e/waitlist_promotion.test.js"
          ],
          "config": "e2e/jest.config.js",
          "--": []
        }
      },
      "session": {
        "autoStart": true,
        "debugSynchronization": 10000
      }
    },
    "detoxIPCServer": "primary-34825",
    "testResults": [],
    "testSessionIndex": 0,
    "workersCount": 0
  }
23:50:00.076 detox[34825] i ipc Server path not specified, so defaulting to ipc.config.socketRoot + ipc.config.appspace + ipc.config.id /tmp/detox.primary-34825
23:50:00.077 detox[34825] i ipc starting server on  /tmp/detox.primary-34825 
23:50:00.077 detox[34825] i ipc starting TLS server false
23:50:00.077 detox[34825] i ipc starting server as Unix || Windows Socket
23:50:00.079 detox[34825] i ws-server Detox server listening on localhost:50703...
23:50:00.082 detox[34825] i lifecycle Serialized the session state at: /private/var/folders/ys/6wgkgm4x181d_xmhb6gbw02m0000gn/T/de13e54c-f912-a59e-21a1-e6eb8d36c28f.detox.json
23:50:00.082 detox[34825] B lifecycle jest --config e2e/jest.config.js e2e/waitlist_promotion.test.js
23:50:00.083 detox[34825] i user (node:34825) [DEP0190] DeprecationWarning: Passing args to a child process with shell option true can lead to security vulnerabilities, as the arguments are not escaped, only concatenated.
(Use `node --trace-deprecation ...` to show where the warning was created)
  origin: at node:internal/process/warning:56:3
23:50:00.453 detox[34826] i ipc Service path not specified, so defaulting to ipc.config.socketRoot + ipc.config.appspace + id 
23:50:00.454 detox[34826] i ipc requested connection to  primary-34825 /tmp/detox.primary-34825
23:50:00.454 detox[34826] i ipc Connecting client on Unix Socket : /tmp/detox.primary-34825
23:50:00.455 detox[34826] i ipc retrying reset
23:50:00.455 detox[34825] i ipc ## socket connection to server detected ##
23:50:00.456 detox[34826] i ipc dispatching event to  primary-34825 /tmp/detox.primary-34825  :  registerContext , { id: [32m'secondary-34826'[39m }
23:50:00.457 detox[34825] i ipc received event of :  registerContext { id: [32m'secondary-34826'[39m }
23:50:00.457 detox[34825] i ipc dispatching event to socket  :  registerContextDone {
  testResults: [],
  testSessionIndex: [33m0[39m,
  unsafe_earlyTeardown: [90mundefined[39m
}
23:50:00.457 detox[34826] i ipc ## received events ##
23:50:00.457 detox[34826] i ipc detected event registerContextDone { testResults: [], testSessionIndex: [33m0[39m }
23:50:00.534 detox[34826] B lifecycle e2e/waitlist_promotion.test.js
23:50:00.549 detox[34826] B lifecycle set up environment
23:50:00.550 detox[34826] i ipc dispatching event to  primary-34825 /tmp/detox.primary-34825  :  registerWorker , { workerId: [32m'w1'[39m }
23:50:00.550 detox[34825] i ipc received event of :  registerWorker { workerId: [32m'w1'[39m }
23:50:00.550 detox[34825] i ipc dispatching event to socket  :  registerWorkerDone { workersCount: [33m1[39m }
23:50:00.551 detox[34825] i ipc broadcasting event to all known sockets listening to  /tmp/detox.primary-34825  :   sessionStateUpdate { workersCount: [33m1[39m }
23:50:00.552 detox[34826] i ipc ## received events ##
23:50:00.552 detox[34826] i ipc detected event registerWorkerDone { workersCount: [33m1[39m }
23:50:00.552 detox[34826] i ipc detected event sessionStateUpdate { workersCount: [33m1[39m }
23:50:00.689 detox[34826] i ws-client opened web socket to: ws://localhost:50703
23:50:00.689 detox[34825] B ws-server@50704 connection :50703<->:50704
23:50:00.692 detox[34826] i ws-client send message
  data: {"type":"login","params":{"sessionId":"fedd1ee3-856e-69e4-5a5f-ec3c18ab61b6","role":"tester"},"messageId":0}
23:50:00.694 detox[34825] i ws-server@50704 get
  data: {"type":"login","params":{"sessionId":"fedd1ee3-856e-69e4-5a5f-ec3c18ab61b6","role":"tester"},"messageId":0}
23:50:00.695 detox[34825] i ws-server created session fedd1ee3-856e-69e4-5a5f-ec3c18ab61b6
23:50:00.695 detox[34825] i ws-server@50704 send
  data: {
    "type": "loginSuccess",
    "params": {
      "testerConnected": true,
      "appConnected": false
    },
    "messageId": 0
  }
23:50:00.696 detox[34825] i ws-server tester joined session fedd1ee3-856e-69e4-5a5f-ec3c18ab61b6
23:50:00.696 detox[34826] i ws-client get message
  data: {"type":"loginSuccess","params":{"testerConnected":true,"appConnected":false},"messageId":0}
   
23:50:00.721 detox[34826] i ipc dispatching event to  primary-34825 /tmp/detox.primary-34825  :  allocateDevice , {
  deviceConfig: { type: [32m'android.emulator'[39m, device: { avdName: [32m'Pixel_9_Pro'[39m } }
}
23:50:00.721 detox[34825] i ipc received event of :  allocateDevice {
  deviceConfig: { type: [32m'android.emulator'[39m, device: { avdName: [32m'Pixel_9_Pro'[39m } }
}
23:50:00.730 detox[34825] i ipc dispatching event to socket  :  allocateDeviceDone {
  error: {
    name: [32m'DetoxRuntimeError'[39m,
    message: [32m'$ANDROID_SDK_ROOT is not defined, set the path to the SDK installation directory into $ANDROID_SDK_ROOT,\n'[39m +
      [32m'Go to https://developer.android.com/studio/command-line/variables.html for more details'[39m,
    stack: [32m'DetoxRuntimeError: $ANDROID_SDK_ROOT is not defined, set the path to the SDK installation directory into $ANDROID_SDK_ROOT,\n'[39m +
      [32m'Go to https://developer.android.com/studio/command-line/variables.html for more details\n'[39m +
      [32m'    at throwMissingSdkError (/Users/shashankshekhar/Final Working/AceTrack_Stablility_Enhanced/node_modules/detox/src/utils/environment.js:142:9)\n'[39m +
      [32m'    at getAndroidEmulatorPath (/Users/shashankshekhar/Final Working/AceTrack_Stablility_Enhanced/node_modules/detox/src/utils/environment.js:69:33)\n'[39m +
      [32m'    at new EmulatorExec (/Users/shashankshekhar/Final Working/AceTrack_Stablility_Enhanced/node_modules/detox/src/devices/common/drivers/android/emulator/exec/EmulatorExec.js:13:11)\n'[39m +
      [32m'    at new EmulatorServiceLocator (/Users/shashankshekhar/Final Working/AceTrack_Stablility_Enhanced/node_modules/detox/src/devices/servicelocator/android/emulatorServiceLocator.js:5:17)\n'[39m +
      [32m'    at Object.<anonymous> (/Users/shashankshekhar/Final Working/AceTrack_Stablility_Enhanced/node_modules/detox/src/devices/servicelocator/android/emulatorServiceLocator.js:9:18)\n'[39m +
      [32m'    at Module._compile (node:internal/modules/cjs/loader:1829:14)\n'[39m +
      [32m'    at Module._extensions..js (node:internal/modules/cjs/loader:1969:10)\n'[39m +
      [32m'    at Module.load (node:internal/modules/cjs/loader:1552:32)\n'[39m +
      [32m'    at Module._load (node:internal/modules/cjs/loader:1354:12)\n'[39m +
      [32m'    at wrapModuleLoad (node:internal/modules/cjs/loader:255:19)\n'[39m +
      [32m'    at Module.require (node:internal/modules/cjs/loader:1575:12)\n'[39m +
      [32m'    at require (node:internal/modules/helpers:191:16)\n'[39m +
      [32m'    at get emulator (/Users/shashankshekhar/Final Working/AceTrack_Stablility_Enhanced/node_modules/detox/src/devices/servicelocator/android/index.js:9:12)\n'[39m +
      [32m'    at AndroidEmulator._createDriver (/Users/shashankshekhar/Final Working/AceTrack_Stablility_Enhanced/node_modules/detox/src/devices/allocation/factories/android.js:8:41)\n'[39m +
      [32m'    at AndroidEmulator.createDeviceAllocator (/Users/shashankshekhar/Final Working/AceTrack_Stablility_Enhanced/node_modules/detox/src/devices/allocation/factories/base.js:10:30)\n'[39m +
      [32m'    at [createDeviceAllocatorInstance] (/Users/shashankshekhar/Final Working/AceTrack_Stablility_Enhanced/node_modules/detox/src/realms/DetoxPrimaryContext.js:325:68)'[39m
  }
}
23:50:00.730 detox[34826] i ipc ## received events ##
23:50:00.731 detox[34826] i ipc detected event allocateDeviceDone {
  error: {
    name: [32m'DetoxRuntimeError'[39m,
    message: [32m'$ANDROID_SDK_ROOT is not defined, set the path to the SDK installation directory into $ANDROID_SDK_ROOT,\n'[39m +
      [32m'Go to https://developer.android.com/studio/command-line/variables.html for more details'[39m,
    stack: [32m'DetoxRuntimeError: $ANDROID_SDK_ROOT is not defined, set the path to the SDK installation directory into $ANDROID_SDK_ROOT,\n'[39m +
      [32m'Go to https://developer.android.com/studio/command-line/variables.html for more details\n'[39m +
      [32m'    at throwMissingSdkError (/Users/shashankshekhar/Final Working/AceTrack_Stablility_Enhanced/node_modules/detox/src/utils/environment.js:142:9)\n'[39m +
      [32m'    at getAndroidEmulatorPath (/Users/shashankshekhar/Final Working/AceTrack_Stablility_Enhanced/node_modules/detox/src/utils/environment.js:69:33)\n'[39m +
      [32m'    at new EmulatorExec (/Users/shashankshekhar/Final Working/AceTrack_Stablility_Enhanced/node_modules/detox/src/devices/common/drivers/android/emulator/exec/EmulatorExec.js:13:11)\n'[39m +
      [32m'    at new EmulatorServiceLocator (/Users/shashankshekhar/Final Working/AceTrack_Stablility_Enhanced/node_modules/detox/src/devices/servicelocator/android/emulatorServiceLocator.js:5:17)\n'[39m +
      [32m'    at Object.<anonymous> (/Users/shashankshekhar/Final Working/AceTrack_Stablility_Enhanced/node_modules/detox/src/devices/servicelocator/android/emulatorServiceLocator.js:9:18)\n'[39m +
      [32m'    at Module._compile (node:internal/modules/cjs/loader:1829:14)\n'[39m +
      [32m'    at Module._extensions..js (node:internal/modules/cjs/loader:1969:10)\n'[39m +
      [32m'    at Module.load (node:internal/modules/cjs/loader:1552:32)\n'[39m +
      [32m'    at Module._load (node:internal/modules/cjs/loader:1354:12)\n'[39m +
      [32m'    at wrapModuleLoad (node:internal/modules/cjs/loader:255:19)\n'[39m +
      [32m'    at Module.require (node:internal/modules/cjs/loader:1575:12)\n'[39m +
      [32m'    at require (node:internal/modules/helpers:191:16)\n'[39m +
      [32m'    at get emulator (/Users/shashankshekhar/Final Working/AceTrack_Stablility_Enhanced/node_modules/detox/src/devices/servicelocator/android/index.js:9:12)\n'[39m +
      [32m'    at AndroidEmulator._createDriver (/Users/shashankshekhar/Final Working/AceTrack_Stablility_Enhanced/node_modules/detox/src/devices/allocation/factories/android.js:8:41)\n'[39m +
      [32m'    at AndroidEmulator.createDeviceAllocator (/Users/shashankshekhar/Final Working/AceTrack_Stablility_Enhanced/node_modules/detox/src/devices/allocation/factories/base.js:10:30)\n'[39m +
      [32m'    at [createDeviceAllocatorInstance] (/Users/shashankshekhar/Final Working/AceTrack_Stablility_Enhanced/node_modules/detox/src/realms/DetoxPrimaryContext.js:325:68)'[39m
  }
}
23:50:00.731 detox[34826] E lifecycle set up environment
  error: DetoxRuntimeError: $ANDROID_SDK_ROOT is not defined, set the path to the SDK installation directory into $ANDROID_SDK_ROOT,
  Go to https://developer.android.com/studio/command-line/variables.html for more details
      at throwMissingSdkError (/Users/shashankshekhar/Final Working/AceTrack_Stablility_Enhanced/node_modules/detox/src/utils/environment.js:142:9)
      at getAndroidEmulatorPath (/Users/shashankshekhar/Final Working/AceTrack_Stablility_Enhanced/node_modules/detox/src/utils/environment.js:69:33)
      at new EmulatorExec (/Users/shashankshekhar/Final Working/AceTrack_Stablility_Enhanced/node_modules/detox/src/devices/common/drivers/android/emulator/exec/EmulatorExec.js:13:11)
      at new EmulatorServiceLocator (/Users/shashankshekhar/Final Working/AceTrack_Stablility_Enhanced/node_modules/detox/src/devices/servicelocator/android/emulatorServiceLocator.js:5:17)
      at Object.<anonymous> (/Users/shashankshekhar/Final Working/AceTrack_Stablility_Enhanced/node_modules/detox/src/devices/servicelocator/android/emulatorServiceLocator.js:9:18)
      at Module._compile (node:internal/modules/cjs/loader:1829:14)
      at Module._extensions..js (node:internal/modules/cjs/loader:1969:10)
      at Module.load (node:internal/modules/cjs/loader:1552:32)
      at Module._load (node:internal/modules/cjs/loader:1354:12)
      at wrapModuleLoad (node:internal/modules/cjs/loader:255:19)
      at Module.require (node:internal/modules/cjs/loader:1575:12)
      at require (node:internal/modules/helpers:191:16)
      at get emulator (/Users/shashankshekhar/Final Working/AceTrack_Stablility_Enhanced/node_modules/detox/src/devices/servicelocator/android/index.js:9:12)
      at AndroidEmulator._createDriver (/Users/shashankshekhar/Final Working/AceTrack_Stablility_Enhanced/node_modules/detox/src/devices/allocation/factories/android.js:8:41)
      at AndroidEmulator.createDeviceAllocator (/Users/shashankshekhar/Final Working/AceTrack_Stablility_Enhanced/node_modules/detox/src/devices/allocation/factories/base.js:10:30)
      at [createDeviceAllocatorInstance] (/Users/shashankshekhar/Final Working/AceTrack_Stablility_Enhanced/node_modules/detox/src/realms/DetoxPrimaryContext.js:325:68)
23:50:00.731 detox[34826] B lifecycle tear down environment
23:50:00.732 detox[34826] B artifacts-manager onBeforeCleanup
  args: ()
23:50:00.732 detox[34826] E artifacts-manager onBeforeCleanup
23:50:00.733 detox[34825] i ws-server tester exited session fedd1ee3-856e-69e4-5a5f-ec3c18ab61b6
23:50:00.733 detox[34826] E lifecycle tear down environment
23:50:00.733 detox[34826] E lifecycle e2e/waitlist_promotion.test.js
23:50:00.734 detox[34825] E ws-server@50704 connection :50703<->:50704
FAIL e2e/waitlist_promotion.test.js
  ● Test suite failed to run

    DetoxRuntimeError: $ANDROID_SDK_ROOT is not defined, set the path to the SDK installation directory into $ANDROID_SDK_ROOT,
    Go to https://developer.android.com/studio/command-line/variables.html for more details

      at throwMissingSdkError (node_modules/detox/src/utils/environment.js:142:9)
      at getAndroidEmulatorPath (node_modules/detox/src/utils/environment.js:69:33)
      at new EmulatorExec (node_modules/detox/src/devices/common/drivers/android/emulator/exec/EmulatorExec.js:13:11)
      at new EmulatorServiceLocator (node_modules/detox/src/devices/servicelocator/android/emulatorServiceLocator.js:5:17)
      at Object.<anonymous> (node_modules/detox/src/devices/servicelocator/android/emulatorServiceLocator.js:9:18)
      at get emulator (node_modules/detox/src/devices/servicelocator/android/index.js:9:12)
      at AndroidEmulator._createDriver (node_modules/detox/src/devices/allocation/factories/android.js:8:41)
      at AndroidEmulator.createDeviceAllocator (node_modules/detox/src/devices/allocation/factories/base.js:10:30)
      at [createDeviceAllocatorInstance] (node_modules/detox/src/realms/DetoxPrimaryContext.js:325:68)

Test Suites: 1 failed, 1 total
Tests:       0 total
Snapshots:   0 total
Time:        0.277 s, estimated 46 s
Ran all test suites matching /e2e\/waitlist_promotion.test.js/i.
23:50:00.742 detox[34826] i ipc dispatching event to  primary-34825 /tmp/detox.primary-34825  :  reportTestResults , {
  testResults: [
    {
      success: [33mfalse[39m,
      testFilePath: [32m'/Users/shashankshekhar/Final Working/AceTrack_Stablility_Enhanced/e2e/waitlist_promotion.test.js'[39m,
      testExecError: {
        name: [32m'DetoxRuntimeError'[39m,
        message: [32m'$ANDROID_SDK_ROOT is not defined, set the path to the SDK installation directory into $ANDROID_SDK_ROOT,\n'[39m +
          [32m'Go to https://developer.android.com/studio/command-line/variables.html for more details'[39m,
        stack: [32m'DetoxRuntimeError: $ANDROID_SDK_ROOT is not defined, set the path to the SDK installation directory into $ANDROID_SDK_ROOT,\n'[39m +
          [32m'Go to https://developer.android.com/studio/command-line/variables.html for more details\n'[39m +
          [32m'    at throwMissingSdkError (/Users/shashankshekhar/Final Working/AceTrack_Stablility_Enhanced/node_modules/detox/src/utils/environment.js:142:9)\n'[39m +
          [32m'    at getAndroidEmulatorPath (/Users/shashankshekhar/Final Working/AceTrack_Stablility_Enhanced/node_modules/detox/src/utils/environment.js:69:33)\n'[39m +
          [32m'    at new EmulatorExec (/Users/shashankshekhar/Final Working/AceTrack_Stablility_Enhanced/node_modules/detox/src/devices/common/drivers/android/emulator/exec/EmulatorExec.js:13:11)\n'[39m +
          [32m'    at new EmulatorServiceLocator (/Users/shashankshekhar/Final Working/AceTrack_Stablility_Enhanced/node_modules/detox/src/devices/servicelocator/android/emulatorServiceLocator.js:5:17)\n'[39m +
          [32m'    at Object.<anonymous> (/Users/shashankshekhar/Final Working/AceTrack_Stablility_Enhanced/node_modules/detox/src/devices/servicelocator/android/emulatorServiceLocator.js:9:18)\n'[39m +
          [32m'    at Module._compile (node:internal/modules/cjs/loader:1829:14)\n'[39m +
          [32m'    at Module._extensions..js (node:internal/modules/cjs/loader:1969:10)\n'[39m +
          [32m'    at Module.load (node:internal/modules/cjs/loader:1552:32)\n'[39m +
          [32m'    at Module._load (node:internal/modules/cjs/loader:1354:12)\n'[39m +
          [32m'    at wrapModuleLoad (node:internal/modules/cjs/loader:255:19)\n'[39m +
          [32m'    at Module.require (node:internal/modules/cjs/loader:1575:12)\n'[39m +
          [32m'    at require (node:internal/modules/helpers:191:16)\n'[39m +
          [32m'    at get emulator (/Users/shashankshekhar/Final Working/AceTrack_Stablility_Enhanced/node_modules/detox/src/devices/servicelocator/android/index.js:9:12)\n'[39m +
          [32m'    at AndroidEmulator._createDriver (/Users/shashankshekhar/Final Working/AceTrack_Stablility_Enhanced/node_modules/detox/src/devices/allocation/factories/android.js:8:41)\n'[39m +
          [32m'    at AndroidEmulator.createDeviceAllocator (/Users/shashankshekhar/Final Working/AceTrack_Stablility_Enhanced/node_modules/detox/src/devices/allocation/factories/base.js:10:30)\n'[39m +
          [32m'    at [createDeviceAllocatorInstance] (/Users/shashankshekhar/Final Working/AceTrack_Stablility_Enhanced/node_modules/detox/src/realms/DetoxPrimaryContext.js:325:68)'[39m
      },
      isPermanentFailure: [33mfalse[39m
    }
  ]
}
23:50:00.743 detox[34825] i ipc received event of :  reportTestResults {
  testResults: [
    {
      success: [33mfalse[39m,
      testFilePath: [32m'/Users/shashankshekhar/Final Working/AceTrack_Stablility_Enhanced/e2e/waitlist_promotion.test.js'[39m,
      testExecError: {
        name: [32m'DetoxRuntimeError'[39m,
        message: [32m'$ANDROID_SDK_ROOT is not defined, set the path to the SDK installation directory into $ANDROID_SDK_ROOT,\n'[39m +
          [32m'Go to https://developer.android.com/studio/command-line/variables.html for more details'[39m,
        stack: [32m'DetoxRuntimeError: $ANDROID_SDK_ROOT is not defined, set the path to the SDK installation directory into $ANDROID_SDK_ROOT,\n'[39m +
          [32m'Go to https://developer.android.com/studio/command-line/variables.html for more details\n'[39m +
          [32m'    at throwMissingSdkError (/Users/shashankshekhar/Final Working/AceTrack_Stablility_Enhanced/node_modules/detox/src/utils/environment.js:142:9)\n'[39m +
          [32m'    at getAndroidEmulatorPath (/Users/shashankshekhar/Final Working/AceTrack_Stablility_Enhanced/node_modules/detox/src/utils/environment.js:69:33)\n'[39m +
          [32m'    at new EmulatorExec (/Users/shashankshekhar/Final Working/AceTrack_Stablility_Enhanced/node_modules/detox/src/devices/common/drivers/android/emulator/exec/EmulatorExec.js:13:11)\n'[39m +
          [32m'    at new EmulatorServiceLocator (/Users/shashankshekhar/Final Working/AceTrack_Stablility_Enhanced/node_modules/detox/src/devices/servicelocator/android/emulatorServiceLocator.js:5:17)\n'[39m +
          [32m'    at Object.<anonymous> (/Users/shashankshekhar/Final Working/AceTrack_Stablility_Enhanced/node_modules/detox/src/devices/servicelocator/android/emulatorServiceLocator.js:9:18)\n'[39m +
          [32m'    at Module._compile (node:internal/modules/cjs/loader:1829:14)\n'[39m +
          [32m'    at Module._extensions..js (node:internal/modules/cjs/loader:1969:10)\n'[39m +
          [32m'    at Module.load (node:internal/modules/cjs/loader:1552:32)\n'[39m +
          [32m'    at Module._load (node:internal/modules/cjs/loader:1354:12)\n'[39m +
          [32m'    at wrapModuleLoad (node:internal/modules/cjs/loader:255:19)\n'[39m +
          [32m'    at Module.require (node:internal/modules/cjs/loader:1575:12)\n'[39m +
          [32m'    at require (node:internal/modules/helpers:191:16)\n'[39m +
          [32m'    at get emulator (/Users/shashankshekhar/Final Working/AceTrack_Stablility_Enhanced/node_modules/detox/src/devices/servicelocator/android/index.js:9:12)\n'[39m +
          [32m'    at AndroidEmulator._createDriver (/Users/shashankshekhar/Final Working/AceTrack_Stablility_Enhanced/node_modules/detox/src/devices/allocation/factories/android.js:8:41)\n'[39m +
          [32m'    at AndroidEmulator.createDeviceAllocator (/Users/shashankshekhar/Final Working/AceTrack_Stablility_Enhanced/node_modules/detox/src/devices/allocation/factories/base.js:10:30)\n'[39m +
          [32m'    at [createDeviceAllocatorInstance] (/Users/shashankshekhar/Final Working/AceTrack_Stablility_Enhanced/node_modules/detox/src/realms/DetoxPrimaryContext.js:325:68)'[39m
      },
      isPermanentFailure: [33mfalse[39m
    }
  ]
}
23:50:00.743 detox[34825] i ipc dispatching event to socket  :  reportTestResultsDone {
  testResults: [
    {
      success: [33mfalse[39m,
      testFilePath: [32m'/Users/shashankshekhar/Final Working/AceTrack_Stablility_Enhanced/e2e/waitlist_promotion.test.js'[39m,
      testExecError: {
        name: [32m'DetoxRuntimeError'[39m,
        message: [32m'$ANDROID_SDK_ROOT is not defined, set the path to the SDK installation directory into $ANDROID_SDK_ROOT,\n'[39m +
          [32m'Go to https://developer.android.com/studio/command-line/variables.html for more details'[39m,
        stack: [32m'DetoxRuntimeError: $ANDROID_SDK_ROOT is not defined, set the path to the SDK installation directory into $ANDROID_SDK_ROOT,\n'[39m +
          [32m'Go to https://developer.android.com/studio/command-line/variables.html for more details\n'[39m +
          [32m'    at throwMissingSdkError (/Users/shashankshekhar/Final Working/AceTrack_Stablility_Enhanced/node_modules/detox/src/utils/environment.js:142:9)\n'[39m +
          [32m'    at getAndroidEmulatorPath (/Users/shashankshekhar/Final Working/AceTrack_Stablility_Enhanced/node_modules/detox/src/utils/environment.js:69:33)\n'[39m +
          [32m'    at new EmulatorExec (/Users/shashankshekhar/Final Working/AceTrack_Stablility_Enhanced/node_modules/detox/src/devices/common/drivers/android/emulator/exec/EmulatorExec.js:13:11)\n'[39m +
          [32m'    at new EmulatorServiceLocator (/Users/shashankshekhar/Final Working/AceTrack_Stablility_Enhanced/node_modules/detox/src/devices/servicelocator/android/emulatorServiceLocator.js:5:17)\n'[39m +
          [32m'    at Object.<anonymous> (/Users/shashankshekhar/Final Working/AceTrack_Stablility_Enhanced/node_modules/detox/src/devices/servicelocator/android/emulatorServiceLocator.js:9:18)\n'[39m +
          [32m'    at Module._compile (node:internal/modules/cjs/loader:1829:14)\n'[39m +
          [32m'    at Module._extensions..js (node:internal/modules/cjs/loader:1969:10)\n'[39m +
          [32m'    at Module.load (node:internal/modules/cjs/loader:1552:32)\n'[39m +
          [32m'    at Module._load (node:internal/modules/cjs/loader:1354:12)\n'[39m +
          [32m'    at wrapModuleLoad (node:internal/modules/cjs/loader:255:19)\n'[39m +
          [32m'    at Module.require (node:internal/modules/cjs/loader:1575:12)\n'[39m +
          [32m'    at require (node:internal/modules/helpers:191:16)\n'[39m +
          [32m'    at get emulator (/Users/shashankshekhar/Final Working/AceTrack_Stablility_Enhanced/node_modules/detox/src/devices/servicelocator/android/index.js:9:12)\n'[39m +
          [32m'    at AndroidEmulator._createDriver (/Users/shashankshekhar/Final Working/AceTrack_Stablility_Enhanced/node_modules/detox/src/devices/allocation/factories/android.js:8:41)\n'[39m +
          [32m'    at AndroidEmulator.createDeviceAllocator (/Users/shashankshekhar/Final Working/AceTrack_Stablility_Enhanced/node_modules/detox/src/devices/allocation/factories/base.js:10:30)\n'[39m +
          [32m'    at [createDeviceAllocatorInstance] (/Users/shashankshekhar/Final Working/AceTrack_Stablility_Enhanced/node_modules/detox/src/realms/DetoxPrimaryContext.js:325:68)'[39m
      },
      isPermanentFailure: [33mfalse[39m
    }
  ]
}
23:50:00.743 detox[34826] i ipc ## received events ##
23:50:00.743 detox[34825] i ipc broadcasting event to all known sockets listening to  /tmp/detox.primary-34825  :   sessionStateUpdate {
  testResults: [
    {
      success: [33mfalse[39m,
      testFilePath: [32m'/Users/shashankshekhar/Final Working/AceTrack_Stablility_Enhanced/e2e/waitlist_promotion.test.js'[39m,
      testExecError: {
        name: [32m'DetoxRuntimeError'[39m,
        message: [32m'$ANDROID_SDK_ROOT is not defined, set the path to the SDK installation directory into $ANDROID_SDK_ROOT,\n'[39m +
          [32m'Go to https://developer.android.com/studio/command-line/variables.html for more details'[39m,
        stack: [32m'DetoxRuntimeError: $ANDROID_SDK_ROOT is not defined, set the path to the SDK installation directory into $ANDROID_SDK_ROOT,\n'[39m +
          [32m'Go to https://developer.android.com/studio/command-line/variables.html for more details\n'[39m +
          [32m'    at throwMissingSdkError (/Users/shashankshekhar/Final Working/AceTrack_Stablility_Enhanced/node_modules/detox/src/utils/environment.js:142:9)\n'[39m +
          [32m'    at getAndroidEmulatorPath (/Users/shashankshekhar/Final Working/AceTrack_Stablility_Enhanced/node_modules/detox/src/utils/environment.js:69:33)\n'[39m +
          [32m'    at new EmulatorExec (/Users/shashankshekhar/Final Working/AceTrack_Stablility_Enhanced/node_modules/detox/src/devices/common/drivers/android/emulator/exec/EmulatorExec.js:13:11)\n'[39m +
          [32m'    at new EmulatorServiceLocator (/Users/shashankshekhar/Final Working/AceTrack_Stablility_Enhanced/node_modules/detox/src/devices/servicelocator/android/emulatorServiceLocator.js:5:17)\n'[39m +
          [32m'    at Object.<anonymous> (/Users/shashankshekhar/Final Working/AceTrack_Stablility_Enhanced/node_modules/detox/src/devices/servicelocator/android/emulatorServiceLocator.js:9:18)\n'[39m +
          [32m'    at Module._compile (node:internal/modules/cjs/loader:1829:14)\n'[39m +
          [32m'    at Module._extensions..js (node:internal/modules/cjs/loader:1969:10)\n'[39m +
          [32m'    at Module.load (node:internal/modules/cjs/loader:1552:32)\n'[39m +
          [32m'    at Module._load (node:internal/modules/cjs/loader:1354:12)\n'[39m +
          [32m'    at wrapModuleLoad (node:internal/modules/cjs/loader:255:19)\n'[39m +
          [32m'    at Module.require (node:internal/modules/cjs/loader:1575:12)\n'[39m +
          [32m'    at require (node:internal/modules/helpers:191:16)\n'[39m +
          [32m'    at get emulator (/Users/shashankshekhar/Final Working/AceTrack_Stablility_Enhanced/node_modules/detox/src/devices/servicelocator/android/index.js:9:12)\n'[39m +
          [32m'    at AndroidEmulator._createDriver (/Users/shashankshekhar/Final Working/AceTrack_Stablility_Enhanced/node_modules/detox/src/devices/allocation/factories/android.js:8:41)\n'[39m +
          [32m'    at AndroidEmulator.createDeviceAllocator (/Users/shashankshekhar/Final Working/AceTrack_Stablility_Enhanced/node_modules/detox/src/devices/allocation/factories/base.js:10:30)\n'[39m +
          [32m'    at [createDeviceAllocatorInstance] (/Users/shashankshekhar/Final Working/AceTrack_Stablility_Enhanced/node_modules/detox/src/realms/DetoxPrimaryContext.js:325:68)'[39m
      },
      isPermanentFailure: [33mfalse[39m
    }
  ]
}
23:50:00.743 detox[34826] i ipc detected event reportTestResultsDone {
  testResults: [
    {
      success: [33mfalse[39m,
      testFilePath: [32m'/Users/shashankshekhar/Final Working/AceTrack_Stablility_Enhanced/e2e/waitlist_promotion.test.js'[39m,
      testExecError: {
        name: [32m'DetoxRuntimeError'[39m,
        message: [32m'$ANDROID_SDK_ROOT is not defined, set the path to the SDK installation directory into $ANDROID_SDK_ROOT,\n'[39m +
          [32m'Go to https://developer.android.com/studio/command-line/variables.html for more details'[39m,
        stack: [32m'DetoxRuntimeError: $ANDROID_SDK_ROOT is not defined, set the path to the SDK installation directory into $ANDROID_SDK_ROOT,\n'[39m +
          [32m'Go to https://developer.android.com/studio/command-line/variables.html for more details\n'[39m +
          [32m'    at throwMissingSdkError (/Users/shashankshekhar/Final Working/AceTrack_Stablility_Enhanced/node_modules/detox/src/utils/environment.js:142:9)\n'[39m +
          [32m'    at getAndroidEmulatorPath (/Users/shashankshekhar/Final Working/AceTrack_Stablility_Enhanced/node_modules/detox/src/utils/environment.js:69:33)\n'[39m +
          [32m'    at new EmulatorExec (/Users/shashankshekhar/Final Working/AceTrack_Stablility_Enhanced/node_modules/detox/src/devices/common/drivers/android/emulator/exec/EmulatorExec.js:13:11)\n'[39m +
          [32m'    at new EmulatorServiceLocator (/Users/shashankshekhar/Final Working/AceTrack_Stablility_Enhanced/node_modules/detox/src/devices/servicelocator/android/emulatorServiceLocator.js:5:17)\n'[39m +
          [32m'    at Object.<anonymous> (/Users/shashankshekhar/Final Working/AceTrack_Stablility_Enhanced/node_modules/detox/src/devices/servicelocator/android/emulatorServiceLocator.js:9:18)\n'[39m +
          [32m'    at Module._compile (node:internal/modules/cjs/loader:1829:14)\n'[39m +
          [32m'    at Module._extensions..js (node:internal/modules/cjs/loader:1969:10)\n'[39m +
          [32m'    at Module.load (node:internal/modules/cjs/loader:1552:32)\n'[39m +
          [32m'    at Module._load (node:internal/modules/cjs/loader:1354:12)\n'[39m +
          [32m'    at wrapModuleLoad (node:internal/modules/cjs/loader:255:19)\n'[39m +
          [32m'    at Module.require (node:internal/modules/cjs/loader:1575:12)\n'[39m +
          [32m'    at require (node:internal/modules/helpers:191:16)\n'[39m +
          [32m'    at get emulator (/Users/shashankshekhar/Final Working/AceTrack_Stablility_Enhanced/node_modules/detox/src/devices/servicelocator/android/index.js:9:12)\n'[39m +
          [32m'    at AndroidEmulator._createDriver (/Users/shashankshekhar/Final Working/AceTrack_Stablility_Enhanced/node_modules/detox/src/devices/allocation/factories/android.js:8:41)\n'[39m +
          [32m'    at AndroidEmulator.createDeviceAllocator (/Users/shashankshekhar/Final Working/AceTrack_Stablility_Enhanced/node_modules/detox/src/devices/allocation/factories/base.js:10:30)\n'[39m +
          [32m'    at [createDeviceAllocatorInstance] (/Users/shashankshekhar/Final Working/AceTrack_Stablility_Enhanced/node_modules/detox/src/realms/DetoxPrimaryContext.js:325:68)'[39m
      },
      isPermanentFailure: [33mfalse[39m
    }
  ]
}
23:50:00.744 detox[34826] i ipc connection closed primary-34825 /tmp/detox.primary-34825 0 tries remaining of 0
23:50:00.744 detox[34826] i ipc secondary-34826 exceeded connection rety amount of  or stopRetrying flag set.
23:50:00.744 detox[34825] i ipc socket disconnected secondary-34826
23:50:00.846 detox[34825] E lifecycle Command failed with exit code = 1:
jest --config e2e/jest.config.js e2e/waitlist_promotion.test.js
23:50:00.846 detox[34825] i ws-server Detox server has been closed gracefully
23:50:00.847 detox[34825] E lifecycle node_modules/.bin/detox test -c android.emu.debug e2e/waitlist_promotion.test.js --loglevel trace
